---------------------------------------------------------------
[ 2019-01-16T10:39:07+08:00 ] 121.69.98.234 POST hippos.sharephotos.cn/cms/login/ajaxLogin.html
[运行时间：0.022284s] [吞吐率：44.88req/s] [内存消耗：2,531.52kb] [文件加载：74]
[ info ] [ LANG ] /www/wwwroot/thinkcms/thinkphp/lang/zh-cn.php
[ info ] [ BIND ] 'index'
[ info ] [ ROUTE ] array (
  'rule' => 'cms/login/ajaxLogin',
  'route' => 'cms/login/ajaxLogin',
  'option' => 
  array (
    'merge_rule_regex' => false,
  ),
  'var' => 
  array (
  ),
)
[ info ] [ HEADER ] array (
  'cookie' => 'PHPSESSID=905721j5pr9fktlkf6p4jjd3pf',
  'connection' => 'keep-alive',
  'content-length' => '64',
  'x-requested-with' => 'XMLHttpRequest',
  'content-type' => 'application/x-www-form-urlencoded; charset=UTF-8',
  'referer' => 'http://hippos.sharephotos.cn/cms/login/index.html',
  'accept-encoding' => 'gzip, deflate',
  'accept-language' => 'zh-CN,zh;q=0.8,zh-TW;q=0.7,zh-HK;q=0.5,en-US;q=0.3,en;q=0.2',
  'accept' => 'application/json, text/javascript, */*; q=0.01',
  'user-agent' => 'Mozilla/5.0 (Windows NT 10.0; WOW64; rv:64.0) Gecko/20100101 Firefox/64.0',
  'host' => 'hippos.sharephotos.cn',
)
[ info ] [ PARAM ] array (
  'user_name' => 'heze@admin',
  'password' => 'adminadmin',
  'login_verifyCode' => 'a2tw',
)
---------------------------------------------------------------
[ 2019-01-16T10:39:07+08:00 ] 121.69.98.234 GET hippos.sharephotos.cn/captcha.html?0.85019644155764
[运行时间：0.057644s] [吞吐率：17.35req/s] [内存消耗：1,662.09kb] [文件加载：53]
[ info ] [ LANG ] /www/wwwroot/thinkcms/thinkphp/lang/zh-cn.php
[ info ] [ BIND ] 'index'
[ info ] [ ROUTE ] array (
  'rule' => 'captcha/<id?>',
  'route' => '\\think\\captcha\\CaptchaController@index',
  'option' => 
  array (
    'merge_rule_regex' => false,
  ),
  'var' => 
  array (
  ),
)
[ info ] [ HEADER ] array (
  'cookie' => 'PHPSESSID=905721j5pr9fktlkf6p4jjd3pf',
  'connection' => 'keep-alive',
  'referer' => 'http://hippos.sharephotos.cn/cms/login/index.html',
  'accept-encoding' => 'gzip, deflate',
  'accept-language' => 'zh-CN,zh;q=0.8,zh-TW;q=0.7,zh-HK;q=0.5,en-US;q=0.3,en;q=0.2',
  'accept' => '*/*',
  'user-agent' => 'Mozilla/5.0 (Windows NT 10.0; WOW64; rv:64.0) Gecko/20100101 Firefox/64.0',
  'host' => 'hippos.sharephotos.cn',
  'content-type' => '',
  'content-length' => '',
)
[ info ] [ PARAM ] array (
  '0_85019644155764' => '',
)
---------------------------------------------------------------
[ 2019-01-16T10:39:42+08:00 ] 121.69.98.234 POST hippos.sharephotos.cn/cms/login/ajaxLogin.html
[运行时间：0.031802s] [吞吐率：31.44req/s] [内存消耗：3,484.20kb] [文件加载：79]
[ info ] [ LANG ] /www/wwwroot/thinkcms/thinkphp/lang/zh-cn.php
[ info ] [ BIND ] 'index'
[ info ] [ ROUTE ] array (
  'rule' => 'cms/login/ajaxLogin',
  'route' => 'cms/login/ajaxLogin',
  'option' => 
  array (
    'merge_rule_regex' => false,
  ),
  'var' => 
  array (
  ),
)
[ info ] [ HEADER ] array (
  'cookie' => 'PHPSESSID=905721j5pr9fktlkf6p4jjd3pf',
  'connection' => 'keep-alive',
  'content-length' => '59',
  'x-requested-with' => 'XMLHttpRequest',
  'content-type' => 'application/x-www-form-urlencoded; charset=UTF-8',
  'referer' => 'http://hippos.sharephotos.cn/cms/login/index.html',
  'accept-encoding' => 'gzip, deflate',
  'accept-language' => 'zh-CN,zh;q=0.8,zh-TW;q=0.7,zh-HK;q=0.5,en-US;q=0.3,en;q=0.2',
  'accept' => 'application/json, text/javascript, */*; q=0.01',
  'user-agent' => 'Mozilla/5.0 (Windows NT 10.0; WOW64; rv:64.0) Gecko/20100101 Firefox/64.0',
  'host' => 'hippos.sharephotos.cn',
)
[ info ] [ PARAM ] array (
  'user_name' => 'heze@admin',
  'password' => 'admin',
  'login_verifyCode' => 'uxn2',
)
[ info ] [ DB ] INIT mysql
---------------------------------------------------------------
[ 2019-01-16T10:39:42+08:00 ] 121.69.98.234 GET hippos.sharephotos.cn/cmsx.html
[运行时间：0.039115s] [吞吐率：25.57req/s] [内存消耗：3,595.98kb] [文件加载：84]
[ info ] [ LANG ] /www/wwwroot/thinkcms/thinkphp/lang/zh-cn.php
[ info ] [ BIND ] 'index'
[ info ] [ ROUTE ] array (
  'rule' => 'cmsx',
  'route' => 'cms/index/index',
  'option' => 
  array (
    'merge_rule_regex' => false,
  ),
  'var' => 
  array (
  ),
)
[ info ] [ HEADER ] array (
  'upgrade-insecure-requests' => '1',
  'cookie' => 'PHPSESSID=905721j5pr9fktlkf6p4jjd3pf',
  'connection' => 'keep-alive',
  'referer' => 'http://hippos.sharephotos.cn/cms/login/index.html',
  'accept-encoding' => 'gzip, deflate',
  'accept-language' => 'zh-CN,zh;q=0.8,zh-TW;q=0.7,zh-HK;q=0.5,en-US;q=0.3,en;q=0.2',
  'accept' => 'text/html,application/xhtml+xml,application/xml;q=0.9,*/*;q=0.8',
  'user-agent' => 'Mozilla/5.0 (Windows NT 10.0; WOW64; rv:64.0) Gecko/20100101 Firefox/64.0',
  'host' => 'hippos.sharephotos.cn',
  'content-type' => '',
  'content-length' => '',
)
[ info ] [ PARAM ] array (
)
[ info ] [ DB ] INIT mysql
[ info ] [ VIEW ] /www/wwwroot/thinkcms/application/cms/view/index/index.html [ array (
  0 => 'menus',
  1 => 'admin',
) ]
---------------------------------------------------------------
[ 2019-01-16T10:39:43+08:00 ] 121.69.98.234 GET hippos.sharephotos.cn/upload/20190107/74e89de1e95b92e086f98178f1eb2d7a.png
[运行时间：0.020157s] [吞吐率：49.61req/s] [内存消耗：1,658.98kb] [文件加载：51]
[ info ] [ LANG ] /www/wwwroot/thinkcms/thinkphp/lang/zh-cn.php
[ info ] [ BIND ] 'index'
---------------------------------------------------------------
[ 2019-01-16T10:39:43+08:00 ] 121.69.98.234 GET hippos.sharephotos.cn/upload/20190107/d525900efabdaef6c02ce3f16746f926.png
[运行时间：0.015721s] [吞吐率：63.61req/s] [内存消耗：1,658.98kb] [文件加载：51]
[ info ] [ LANG ] /www/wwwroot/thinkcms/thinkphp/lang/zh-cn.php
[ info ] [ BIND ] 'index'
---------------------------------------------------------------
[ 2019-01-16T10:39:43+08:00 ] 121.69.98.234 GET hippos.sharephotos.cn/cms/home.html
[运行时间：0.024378s] [吞吐率：41.02req/s] [内存消耗：2,498.35kb] [文件加载：75]
[ info ] [ LANG ] /www/wwwroot/thinkcms/thinkphp/lang/zh-cn.php
[ info ] [ BIND ] 'index'
[ info ] [ ROUTE ] array (
  'rule' => 'cms/home',
  'route' => 'cms/index/home',
  'option' => 
  array (
    'merge_rule_regex' => false,
  ),
  'var' => 
  array (
  ),
)
[ info ] [ HEADER ] array (
  'upgrade-insecure-requests' => '1',
  'cookie' => 'PHPSESSID=905721j5pr9fktlkf6p4jjd3pf',
  'connection' => 'keep-alive',
  'referer' => 'http://hippos.sharephotos.cn/cmsx.html',
  'accept-encoding' => 'gzip, deflate',
  'accept-language' => 'zh-CN,zh;q=0.8,zh-TW;q=0.7,zh-HK;q=0.5,en-US;q=0.3,en;q=0.2',
  'accept' => 'text/html,application/xhtml+xml,application/xml;q=0.9,*/*;q=0.8',
  'user-agent' => 'Mozilla/5.0 (Windows NT 10.0; WOW64; rv:64.0) Gecko/20100101 Firefox/64.0',
  'host' => 'hippos.sharephotos.cn',
  'content-type' => '',
  'content-length' => '',
)
[ info ] [ PARAM ] array (
)
[ info ] [ VIEW ] /www/wwwroot/thinkcms/application/cms/view/index/home.html [ array (
) ]
---------------------------------------------------------------
[ 2019-01-16T10:39:46+08:00 ] 121.69.98.234 POST hippos.sharephotos.cn/cms/login/ajaxCheckLoginStatus.html
[运行时间：0.031295s] [吞吐率：31.95req/s] [内存消耗：3,362.35kb] [文件加载：77]
[ info ] [ LANG ] /www/wwwroot/thinkcms/thinkphp/lang/zh-cn.php
[ info ] [ BIND ] 'index'
[ info ] [ ROUTE ] array (
  'rule' => 'cms/login/ajaxCheckLoginStatus',
  'route' => 'cms/login/ajaxCheckLoginStatus',
  'option' => 
  array (
    'merge_rule_regex' => false,
  ),
  'var' => 
  array (
  ),
)
[ info ] [ HEADER ] array (
  'cookie' => 'PHPSESSID=905721j5pr9fktlkf6p4jjd3pf',
  'connection' => 'keep-alive',
  'content-length' => '13',
  'x-requested-with' => 'XMLHttpRequest',
  'content-type' => 'application/x-www-form-urlencoded; charset=UTF-8',
  'referer' => 'http://hippos.sharephotos.cn/cmsx.html',
  'accept-encoding' => 'gzip, deflate',
  'accept-language' => 'zh-CN,zh;q=0.8,zh-TW;q=0.7,zh-HK;q=0.5,en-US;q=0.3,en;q=0.2',
  'accept' => 'application/json, text/javascript, */*; q=0.01',
  'user-agent' => 'Mozilla/5.0 (Windows NT 10.0; WOW64; rv:64.0) Gecko/20100101 Firefox/64.0',
  'host' => 'hippos.sharephotos.cn',
)
[ info ] [ PARAM ] array (
  'nav_menu_id' => '7',
)
[ info ] [ DB ] INIT mysql
---------------------------------------------------------------
[ 2019-01-16T10:39:46+08:00 ] 121.69.98.234 GET hippos.sharephotos.cn/cms/admin/role.html
[运行时间：0.039288s] [吞吐率：25.45req/s] [内存消耗：3,921.83kb] [文件加载：91]
[ info ] [ LANG ] /www/wwwroot/thinkcms/thinkphp/lang/zh-cn.php
[ info ] [ BIND ] 'index'
[ info ] [ ROUTE ] array (
  'rule' => 'cms/admin/role',
  'route' => 'cms/admin/role',
  'option' => 
  array (
    'merge_rule_regex' => false,
  ),
  'var' => 
  array (
  ),
)
[ info ] [ HEADER ] array (
  'upgrade-insecure-requests' => '1',
  'cookie' => 'PHPSESSID=905721j5pr9fktlkf6p4jjd3pf',
  'connection' => 'keep-alive',
  'referer' => 'http://hippos.sharephotos.cn/cmsx.html',
  'accept-encoding' => 'gzip, deflate',
  'accept-language' => 'zh-CN,zh;q=0.8,zh-TW;q=0.7,zh-HK;q=0.5,en-US;q=0.3,en;q=0.2',
  'accept' => 'text/html,application/xhtml+xml,application/xml;q=0.9,*/*;q=0.8',
  'user-agent' => 'Mozilla/5.0 (Windows NT 10.0; WOW64; rv:64.0) Gecko/20100101 Firefox/64.0',
  'host' => 'hippos.sharephotos.cn',
  'content-type' => '',
  'content-length' => '',
)
[ info ] [ PARAM ] array (
)
[ info ] [ DB ] INIT mysql
[ info ] [ VIEW ] /www/wwwroot/thinkcms/application/cms/view/admin/role.html [ array (
  0 => 'roles',
) ]
---------------------------------------------------------------
[ 2019-01-16T10:39:50+08:00 ] 121.69.98.234 GET hippos.sharephotos.cn/cmsx.html
[运行时间：0.040236s] [吞吐率：24.85req/s] [内存消耗：3,596.27kb] [文件加载：84]
[ info ] [ LANG ] /www/wwwroot/thinkcms/thinkphp/lang/zh-cn.php
[ info ] [ BIND ] 'index'
[ info ] [ ROUTE ] array (
  'rule' => 'cmsx',
  'route' => 'cms/index/index',
  'option' => 
  array (
    'merge_rule_regex' => false,
  ),
  'var' => 
  array (
  ),
)
[ info ] [ HEADER ] array (
  'cache-control' => 'max-age=0',
  'upgrade-insecure-requests' => '1',
  'cookie' => 'PHPSESSID=905721j5pr9fktlkf6p4jjd3pf',
  'connection' => 'keep-alive',
  'referer' => 'http://hippos.sharephotos.cn/cms/login/index.html',
  'accept-encoding' => 'gzip, deflate',
  'accept-language' => 'zh-CN,zh;q=0.8,zh-TW;q=0.7,zh-HK;q=0.5,en-US;q=0.3,en;q=0.2',
  'accept' => 'text/html,application/xhtml+xml,application/xml;q=0.9,*/*;q=0.8',
  'user-agent' => 'Mozilla/5.0 (Windows NT 10.0; WOW64; rv:64.0) Gecko/20100101 Firefox/64.0',
  'host' => 'hippos.sharephotos.cn',
  'content-type' => '',
  'content-length' => '',
)
[ info ] [ PARAM ] array (
)
[ info ] [ DB ] INIT mysql
[ info ] [ VIEW ] /www/wwwroot/thinkcms/application/cms/view/index/index.html [ array (
  0 => 'menus',
  1 => 'admin',
) ]
---------------------------------------------------------------
[ 2019-01-16T10:39:50+08:00 ] 121.69.98.234 GET hippos.sharephotos.cn/upload/20190107/74e89de1e95b92e086f98178f1eb2d7a.png
[运行时间：0.029222s] [吞吐率：34.22req/s] [内存消耗：1,658.98kb] [文件加载：51]
[ info ] [ LANG ] /www/wwwroot/thinkcms/thinkphp/lang/zh-cn.php
[ info ] [ BIND ] 'index'
---------------------------------------------------------------
[ 2019-01-16T10:39:50+08:00 ] 121.69.98.234 GET hippos.sharephotos.cn/upload/20190107/d525900efabdaef6c02ce3f16746f926.png
[运行时间：0.029936s] [吞吐率：33.40req/s] [内存消耗：1,658.98kb] [文件加载：51]
[ info ] [ LANG ] /www/wwwroot/thinkcms/thinkphp/lang/zh-cn.php
[ info ] [ BIND ] 'index'
---------------------------------------------------------------
[ 2019-01-16T10:39:50+08:00 ] 121.69.98.234 GET hippos.sharephotos.cn/cms/home.html
[运行时间：0.028632s] [吞吐率：34.93req/s] [内存消耗：2,498.35kb] [文件加载：75]
[ info ] [ LANG ] /www/wwwroot/thinkcms/thinkphp/lang/zh-cn.php
[ info ] [ BIND ] 'index'
[ info ] [ ROUTE ] array (
  'rule' => 'cms/home',
  'route' => 'cms/index/home',
  'option' => 
  array (
    'merge_rule_regex' => false,
  ),
  'var' => 
  array (
  ),
)
[ info ] [ HEADER ] array (
  'upgrade-insecure-requests' => '1',
  'cookie' => 'PHPSESSID=905721j5pr9fktlkf6p4jjd3pf',
  'connection' => 'keep-alive',
  'referer' => 'http://hippos.sharephotos.cn/cmsx.html',
  'accept-encoding' => 'gzip, deflate',
  'accept-language' => 'zh-CN,zh;q=0.8,zh-TW;q=0.7,zh-HK;q=0.5,en-US;q=0.3,en;q=0.2',
  'accept' => 'text/html,application/xhtml+xml,application/xml;q=0.9,*/*;q=0.8',
  'user-agent' => 'Mozilla/5.0 (Windows NT 10.0; WOW64; rv:64.0) Gecko/20100101 Firefox/64.0',
  'host' => 'hippos.sharephotos.cn',
  'content-type' => '',
  'content-length' => '',
)
[ info ] [ PARAM ] array (
)
[ info ] [ VIEW ] /www/wwwroot/thinkcms/application/cms/view/index/home.html [ array (
) ]
---------------------------------------------------------------
[ 2019-01-16T10:39:52+08:00 ] 121.69.98.234 POST hippos.sharephotos.cn/cms/login/ajaxCheckLoginStatus.html
[运行时间：0.032245s] [吞吐率：31.01req/s] [内存消耗：3,362.35kb] [文件加载：77]
[ info ] [ LANG ] /www/wwwroot/thinkcms/thinkphp/lang/zh-cn.php
[ info ] [ BIND ] 'index'
[ info ] [ ROUTE ] array (
  'rule' => 'cms/login/ajaxCheckLoginStatus',
  'route' => 'cms/login/ajaxCheckLoginStatus',
  'option' => 
  array (
    'merge_rule_regex' => false,
  ),
  'var' => 
  array (
  ),
)
[ info ] [ HEADER ] array (
  'cookie' => 'PHPSESSID=905721j5pr9fktlkf6p4jjd3pf',
  'connection' => 'keep-alive',
  'content-length' => '13',
  'x-requested-with' => 'XMLHttpRequest',
  'content-type' => 'application/x-www-form-urlencoded; charset=UTF-8',
  'referer' => 'http://hippos.sharephotos.cn/cmsx.html',
  'accept-encoding' => 'gzip, deflate',
  'accept-language' => 'zh-CN,zh;q=0.8,zh-TW;q=0.7,zh-HK;q=0.5,en-US;q=0.3,en;q=0.2',
  'accept' => 'application/json, text/javascript, */*; q=0.01',
  'user-agent' => 'Mozilla/5.0 (Windows NT 10.0; WOW64; rv:64.0) Gecko/20100101 Firefox/64.0',
  'host' => 'hippos.sharephotos.cn',
)
[ info ] [ PARAM ] array (
  'nav_menu_id' => '7',
)
[ info ] [ DB ] INIT mysql
---------------------------------------------------------------
[ 2019-01-16T10:39:52+08:00 ] 121.69.98.234 GET hippos.sharephotos.cn/cms/admin/role.html
[运行时间：0.037382s] [吞吐率：26.75req/s] [内存消耗：3,628.53kb] [文件加载：89]
[ info ] [ LANG ] /www/wwwroot/thinkcms/thinkphp/lang/zh-cn.php
[ info ] [ BIND ] 'index'
[ info ] [ ROUTE ] array (
  'rule' => 'cms/admin/role',
  'route' => 'cms/admin/role',
  'option' => 
  array (
    'merge_rule_regex' => false,
  ),
  'var' => 
  array (
  ),
)
[ info ] [ HEADER ] array (
  'upgrade-insecure-requests' => '1',
  'cookie' => 'PHPSESSID=905721j5pr9fktlkf6p4jjd3pf',
  'connection' => 'keep-alive',
  'referer' => 'http://hippos.sharephotos.cn/cmsx.html',
  'accept-encoding' => 'gzip, deflate',
  'accept-language' => 'zh-CN,zh;q=0.8,zh-TW;q=0.7,zh-HK;q=0.5,en-US;q=0.3,en;q=0.2',
  'accept' => 'text/html,application/xhtml+xml,application/xml;q=0.9,*/*;q=0.8',
  'user-agent' => 'Mozilla/5.0 (Windows NT 10.0; WOW64; rv:64.0) Gecko/20100101 Firefox/64.0',
  'host' => 'hippos.sharephotos.cn',
  'content-type' => '',
  'content-length' => '',
)
[ info ] [ PARAM ] array (
)
[ info ] [ DB ] INIT mysql
[ info ] [ VIEW ] /www/wwwroot/thinkcms/application/cms/view/admin/role.html [ array (
  0 => 'roles',
) ]
---------------------------------------------------------------
[ 2019-01-16T10:39:53+08:00 ] 121.69.98.234 POST hippos.sharephotos.cn/cms/login/ajaxCheckLoginStatus.html
[运行时间：0.033664s] [吞吐率：29.71req/s] [内存消耗：3,362.35kb] [文件加载：77]
[ info ] [ LANG ] /www/wwwroot/thinkcms/thinkphp/lang/zh-cn.php
[ info ] [ BIND ] 'index'
[ info ] [ ROUTE ] array (
  'rule' => 'cms/login/ajaxCheckLoginStatus',
  'route' => 'cms/login/ajaxCheckLoginStatus',
  'option' => 
  array (
    'merge_rule_regex' => false,
  ),
  'var' => 
  array (
  ),
)
[ info ] [ HEADER ] array (
  'cookie' => 'PHPSESSID=905721j5pr9fktlkf6p4jjd3pf',
  'connection' => 'keep-alive',
  'content-length' => '13',
  'x-requested-with' => 'XMLHttpRequest',
  'content-type' => 'application/x-www-form-urlencoded; charset=UTF-8',
  'referer' => 'http://hippos.sharephotos.cn/cmsx.html',
  'accept-encoding' => 'gzip, deflate',
  'accept-language' => 'zh-CN,zh;q=0.8,zh-TW;q=0.7,zh-HK;q=0.5,en-US;q=0.3,en;q=0.2',
  'accept' => 'application/json, text/javascript, */*; q=0.01',
  'user-agent' => 'Mozilla/5.0 (Windows NT 10.0; WOW64; rv:64.0) Gecko/20100101 Firefox/64.0',
  'host' => 'hippos.sharephotos.cn',
)
[ info ] [ PARAM ] array (
  'nav_menu_id' => '6',
)
[ info ] [ DB ] INIT mysql
---------------------------------------------------------------
[ 2019-01-16T10:39:53+08:00 ] 121.69.98.234 GET hippos.sharephotos.cn/cms/admin/index.html
[运行时间：0.041213s] [吞吐率：24.26req/s] [内存消耗：3,934.17kb] [文件加载：91]
[ info ] [ LANG ] /www/wwwroot/thinkcms/thinkphp/lang/zh-cn.php
[ info ] [ BIND ] 'index'
[ info ] [ ROUTE ] array (
  'rule' => 'cms/admin/index',
  'route' => 'cms/admin/index',
  'option' => 
  array (
    'merge_rule_regex' => false,
  ),
  'var' => 
  array (
  ),
)
[ info ] [ HEADER ] array (
  'upgrade-insecure-requests' => '1',
  'cookie' => 'PHPSESSID=905721j5pr9fktlkf6p4jjd3pf',
  'connection' => 'keep-alive',
  'referer' => 'http://hippos.sharephotos.cn/cmsx.html',
  'accept-encoding' => 'gzip, deflate',
  'accept-language' => 'zh-CN,zh;q=0.8,zh-TW;q=0.7,zh-HK;q=0.5,en-US;q=0.3,en;q=0.2',
  'accept' => 'text/html,application/xhtml+xml,application/xml;q=0.9,*/*;q=0.8',
  'user-agent' => 'Mozilla/5.0 (Windows NT 10.0; WOW64; rv:64.0) Gecko/20100101 Firefox/64.0',
  'host' => 'hippos.sharephotos.cn',
  'content-type' => '',
  'content-length' => '',
)
[ info ] [ PARAM ] array (
)
[ info ] [ DB ] INIT mysql
[ info ] [ VIEW ] /www/wwwroot/thinkcms/application/cms/view/admin/index.html [ array (
  0 => 'admins',
  1 => 'search',
  2 => 'record_num',
  3 => 'page_limit',
) ]
---------------------------------------------------------------
[ 2019-01-16T10:39:57+08:00 ] 121.69.98.234 POST hippos.sharephotos.cn/cms/login/ajaxCheckLoginStatus.html
[运行时间：0.031452s] [吞吐率：31.79req/s] [内存消耗：3,362.35kb] [文件加载：77]
[ info ] [ LANG ] /www/wwwroot/thinkcms/thinkphp/lang/zh-cn.php
[ info ] [ BIND ] 'index'
[ info ] [ ROUTE ] array (
  'rule' => 'cms/login/ajaxCheckLoginStatus',
  'route' => 'cms/login/ajaxCheckLoginStatus',
  'option' => 
  array (
    'merge_rule_regex' => false,
  ),
  'var' => 
  array (
  ),
)
[ info ] [ HEADER ] array (
  'cookie' => 'PHPSESSID=905721j5pr9fktlkf6p4jjd3pf',
  'connection' => 'keep-alive',
  'content-length' => '13',
  'x-requested-with' => 'XMLHttpRequest',
  'content-type' => 'application/x-www-form-urlencoded; charset=UTF-8',
  'referer' => 'http://hippos.sharephotos.cn/cmsx.html',
  'accept-encoding' => 'gzip, deflate',
  'accept-language' => 'zh-CN,zh;q=0.8,zh-TW;q=0.7,zh-HK;q=0.5,en-US;q=0.3,en;q=0.2',
  'accept' => 'application/json, text/javascript, */*; q=0.01',
  'user-agent' => 'Mozilla/5.0 (Windows NT 10.0; WOW64; rv:64.0) Gecko/20100101 Firefox/64.0',
  'host' => 'hippos.sharephotos.cn',
)
[ info ] [ PARAM ] array (
  'nav_menu_id' => '2',
)
[ info ] [ DB ] INIT mysql
---------------------------------------------------------------
[ 2019-01-16T10:39:57+08:00 ] 121.69.98.234 GET hippos.sharephotos.cn/cms/menu/index.html
[运行时间：0.041459s] [吞吐率：24.12req/s] [内存消耗：3,940.18kb] [文件加载：89]
[ info ] [ LANG ] /www/wwwroot/thinkcms/thinkphp/lang/zh-cn.php
[ info ] [ BIND ] 'index'
[ info ] [ ROUTE ] array (
  'rule' => 'cms/menu/index',
  'route' => 'cms/navMenu/index',
  'option' => 
  array (
    'merge_rule_regex' => false,
  ),
  'var' => 
  array (
  ),
)
[ info ] [ HEADER ] array (
  'upgrade-insecure-requests' => '1',
  'cookie' => 'PHPSESSID=905721j5pr9fktlkf6p4jjd3pf',
  'connection' => 'keep-alive',
  'referer' => 'http://hippos.sharephotos.cn/cmsx.html',
  'accept-encoding' => 'gzip, deflate',
  'accept-language' => 'zh-CN,zh;q=0.8,zh-TW;q=0.7,zh-HK;q=0.5,en-US;q=0.3,en;q=0.2',
  'accept' => 'text/html,application/xhtml+xml,application/xml;q=0.9,*/*;q=0.8',
  'user-agent' => 'Mozilla/5.0 (Windows NT 10.0; WOW64; rv:64.0) Gecko/20100101 Firefox/64.0',
  'host' => 'hippos.sharephotos.cn',
  'content-type' => '',
  'content-length' => '',
)
[ info ] [ PARAM ] array (
)
[ info ] [ DB ] INIT mysql
[ info ] [ VIEW ] /www/wwwroot/thinkcms/application/cms/view/nav_menu/index.html [ array (
  0 => 'menus',
  1 => 'search',
  2 => 'record_num',
  3 => 'page_limit',
) ]
---------------------------------------------------------------
[ 2019-01-16T10:39:58+08:00 ] 121.69.98.234 GET hippos.sharephotos.cn/upload/20190107/d525900efabdaef6c02ce3f16746f926.png
[运行时间：0.040976s] [吞吐率：24.40req/s] [内存消耗：1,658.98kb] [文件加载：51]
[ info ] [ LANG ] /www/wwwroot/thinkcms/thinkphp/lang/zh-cn.php
[ info ] [ BIND ] 'index'
---------------------------------------------------------------
[ 2019-01-16T10:39:58+08:00 ] 121.69.98.234 GET hippos.sharephotos.cn/upload/20190107/74e89de1e95b92e086f98178f1eb2d7a.png
[运行时间：0.035621s] [吞吐率：28.07req/s] [内存消耗：1,658.98kb] [文件加载：51]
[ info ] [ LANG ] /www/wwwroot/thinkcms/thinkphp/lang/zh-cn.php
[ info ] [ BIND ] 'index'
---------------------------------------------------------------
[ 2019-01-16T10:40:04+08:00 ] 121.69.98.234 POST hippos.sharephotos.cn/cms/login/ajaxCheckLoginStatus.html
[运行时间：0.031922s] [吞吐率：31.33req/s] [内存消耗：3,362.35kb] [文件加载：77]
[ info ] [ LANG ] /www/wwwroot/thinkcms/thinkphp/lang/zh-cn.php
[ info ] [ BIND ] 'index'
[ info ] [ ROUTE ] array (
  'rule' => 'cms/login/ajaxCheckLoginStatus',
  'route' => 'cms/login/ajaxCheckLoginStatus',
  'option' => 
  array (
    'merge_rule_regex' => false,
  ),
  'var' => 
  array (
  ),
)
[ info ] [ HEADER ] array (
  'cookie' => 'PHPSESSID=905721j5pr9fktlkf6p4jjd3pf',
  'connection' => 'keep-alive',
  'content-length' => '14',
  'x-requested-with' => 'XMLHttpRequest',
  'content-type' => 'application/x-www-form-urlencoded; charset=UTF-8',
  'referer' => 'http://hippos.sharephotos.cn/cmsx.html',
  'accept-encoding' => 'gzip, deflate',
  'accept-language' => 'zh-CN,zh;q=0.8,zh-TW;q=0.7,zh-HK;q=0.5,en-US;q=0.3,en;q=0.2',
  'accept' => 'application/json, text/javascript, */*; q=0.01',
  'user-agent' => 'Mozilla/5.0 (Windows NT 10.0; WOW64; rv:64.0) Gecko/20100101 Firefox/64.0',
  'host' => 'hippos.sharephotos.cn',
)
[ info ] [ PARAM ] array (
  'nav_menu_id' => '50',
)
[ info ] [ DB ] INIT mysql
---------------------------------------------------------------
[ 2019-01-16T10:40:04+08:00 ] 121.69.98.234 GET hippos.sharephotos.cn/cms/log/index.html
[运行时间：0.035642s] [吞吐率：28.06req/s] [内存消耗：3,617.85kb] [文件加载：82]
[ info ] [ LANG ] /www/wwwroot/thinkcms/thinkphp/lang/zh-cn.php
[ info ] [ BIND ] 'index'
[ info ] [ ROUTE ] array (
  'rule' => 'cms/log/<name>',
  'route' => 'cms/log/:name',
  'option' => 
  array (
    'merge_rule_regex' => false,
  ),
  'var' => 
  array (
    'name' => 'index',
  ),
)
[ info ] [ HEADER ] array (
  'upgrade-insecure-requests' => '1',
  'cookie' => 'PHPSESSID=905721j5pr9fktlkf6p4jjd3pf',
  'connection' => 'keep-alive',
  'referer' => 'http://hippos.sharephotos.cn/cmsx.html',
  'accept-encoding' => 'gzip, deflate',
  'accept-language' => 'zh-CN,zh;q=0.8,zh-TW;q=0.7,zh-HK;q=0.5,en-US;q=0.3,en;q=0.2',
  'accept' => 'text/html,application/xhtml+xml,application/xml;q=0.9,*/*;q=0.8',
  'user-agent' => 'Mozilla/5.0 (Windows NT 10.0; WOW64; rv:64.0) Gecko/20100101 Firefox/64.0',
  'host' => 'hippos.sharephotos.cn',
  'content-type' => '',
  'content-length' => '',
)
[ info ] [ PARAM ] array (
  'name' => 'index',
)
[ info ] [ DB ] INIT mysql
[ info ] [ VIEW ] /www/wwwroot/thinkcms/application/cms/view/log/index.html [ array (
  0 => 'list',
  1 => 'record_num',
  2 => 'page_limit',
) ]
---------------------------------------------------------------
[ 2019-01-16T10:40:06+08:00 ] 121.69.98.234 POST hippos.sharephotos.cn/cms/login/ajaxCheckLoginStatus.html
[运行时间：0.033560s] [吞吐率：29.80req/s] [内存消耗：3,362.35kb] [文件加载：77]
[ info ] [ LANG ] /www/wwwroot/thinkcms/thinkphp/lang/zh-cn.php
[ info ] [ BIND ] 'index'
[ info ] [ ROUTE ] array (
  'rule' => 'cms/login/ajaxCheckLoginStatus',
  'route' => 'cms/login/ajaxCheckLoginStatus',
  'option' => 
  array (
    'merge_rule_regex' => false,
  ),
  'var' => 
  array (
  ),
)
[ info ] [ HEADER ] array (
  'cookie' => 'PHPSESSID=905721j5pr9fktlkf6p4jjd3pf',
  'connection' => 'keep-alive',
  'content-length' => '13',
  'x-requested-with' => 'XMLHttpRequest',
  'content-type' => 'application/x-www-form-urlencoded; charset=UTF-8',
  'referer' => 'http://hippos.sharephotos.cn/cmsx.html',
  'accept-encoding' => 'gzip, deflate',
  'accept-language' => 'zh-CN,zh;q=0.8,zh-TW;q=0.7,zh-HK;q=0.5,en-US;q=0.3,en;q=0.2',
  'accept' => 'application/json, text/javascript, */*; q=0.01',
  'user-agent' => 'Mozilla/5.0 (Windows NT 10.0; WOW64; rv:64.0) Gecko/20100101 Firefox/64.0',
  'host' => 'hippos.sharephotos.cn',
)
[ info ] [ PARAM ] array (
  'nav_menu_id' => '2',
)
[ info ] [ DB ] INIT mysql
---------------------------------------------------------------
[ 2019-01-16T10:40:06+08:00 ] 121.69.98.234 GET hippos.sharephotos.cn/cms/menu/index.html
[运行时间：0.042948s] [吞吐率：23.28req/s] [内存消耗：3,629.75kb] [文件加载：87]
[ info ] [ LANG ] /www/wwwroot/thinkcms/thinkphp/lang/zh-cn.php
[ info ] [ BIND ] 'index'
[ info ] [ ROUTE ] array (
  'rule' => 'cms/menu/index',
  'route' => 'cms/navMenu/index',
  'option' => 
  array (
    'merge_rule_regex' => false,
  ),
  'var' => 
  array (
  ),
)
[ info ] [ HEADER ] array (
  'upgrade-insecure-requests' => '1',
  'cookie' => 'PHPSESSID=905721j5pr9fktlkf6p4jjd3pf',
  'connection' => 'keep-alive',
  'referer' => 'http://hippos.sharephotos.cn/cmsx.html',
  'accept-encoding' => 'gzip, deflate',
  'accept-language' => 'zh-CN,zh;q=0.8,zh-TW;q=0.7,zh-HK;q=0.5,en-US;q=0.3,en;q=0.2',
  'accept' => 'text/html,application/xhtml+xml,application/xml;q=0.9,*/*;q=0.8',
  'user-agent' => 'Mozilla/5.0 (Windows NT 10.0; WOW64; rv:64.0) Gecko/20100101 Firefox/64.0',
  'host' => 'hippos.sharephotos.cn',
  'content-type' => '',
  'content-length' => '',
)
[ info ] [ PARAM ] array (
)
[ info ] [ DB ] INIT mysql
[ info ] [ VIEW ] /www/wwwroot/thinkcms/application/cms/view/nav_menu/index.html [ array (
  0 => 'menus',
  1 => 'search',
  2 => 'record_num',
  3 => 'page_limit',
) ]
---------------------------------------------------------------
[ 2019-01-16T10:40:06+08:00 ] 121.69.98.234 GET hippos.sharephotos.cn/upload/20190107/d525900efabdaef6c02ce3f16746f926.png
[运行时间：0.031403s] [吞吐率：31.84req/s] [内存消耗：1,658.98kb] [文件加载：51]
[ info ] [ LANG ] /www/wwwroot/thinkcms/thinkphp/lang/zh-cn.php
[ info ] [ BIND ] 'index'
---------------------------------------------------------------
[ 2019-01-16T10:40:06+08:00 ] 121.69.98.234 GET hippos.sharephotos.cn/upload/20190107/74e89de1e95b92e086f98178f1eb2d7a.png
[运行时间：0.028424s] [吞吐率：35.18req/s] [内存消耗：1,658.98kb] [文件加载：51]
[ info ] [ LANG ] /www/wwwroot/thinkcms/thinkphp/lang/zh-cn.php
[ info ] [ BIND ] 'index'
---------------------------------------------------------------
[ 2019-01-16T10:40:41+08:00 ] 121.69.98.234 GET hippos.sharephotos.cn/cms/menu/index.html
[运行时间：0.039960s] [吞吐率：25.03req/s] [内存消耗：3,630.07kb] [文件加载：87]
[ info ] [ LANG ] /www/wwwroot/thinkcms/thinkphp/lang/zh-cn.php
[ info ] [ BIND ] 'index'
[ info ] [ ROUTE ] array (
  'rule' => 'cms/menu/index',
  'route' => 'cms/navMenu/index',
  'option' => 
  array (
    'merge_rule_regex' => false,
  ),
  'var' => 
  array (
  ),
)
[ info ] [ HEADER ] array (
  'cache-control' => 'no-cache',
  'pragma' => 'no-cache',
  'upgrade-insecure-requests' => '1',
  'cookie' => 'PHPSESSID=905721j5pr9fktlkf6p4jjd3pf',
  'connection' => 'keep-alive',
  'referer' => 'http://hippos.sharephotos.cn/cmsx.html',
  'accept-encoding' => 'gzip, deflate',
  'accept-language' => 'zh-CN,zh;q=0.8,zh-TW;q=0.7,zh-HK;q=0.5,en-US;q=0.3,en;q=0.2',
  'accept' => 'text/html,application/xhtml+xml,application/xml;q=0.9,*/*;q=0.8',
  'user-agent' => 'Mozilla/5.0 (Windows NT 10.0; WOW64; rv:64.0) Gecko/20100101 Firefox/64.0',
  'host' => 'hippos.sharephotos.cn',
  'content-type' => '',
  'content-length' => '',
)
[ info ] [ PARAM ] array (
)
[ info ] [ DB ] INIT mysql
[ info ] [ VIEW ] /www/wwwroot/thinkcms/application/cms/view/nav_menu/index.html [ array (
  0 => 'menus',
  1 => 'search',
  2 => 'record_num',
  3 => 'page_limit',
) ]
---------------------------------------------------------------
[ 2019-01-16T10:40:46+08:00 ] 121.69.98.234 POST hippos.sharephotos.cn/cms/login/ajaxCheckLoginStatus.html
[运行时间：0.032050s] [吞吐率：31.20req/s] [内存消耗：3,362.35kb] [文件加载：77]
[ info ] [ LANG ] /www/wwwroot/thinkcms/thinkphp/lang/zh-cn.php
[ info ] [ BIND ] 'index'
[ info ] [ ROUTE ] array (
  'rule' => 'cms/login/ajaxCheckLoginStatus',
  'route' => 'cms/login/ajaxCheckLoginStatus',
  'option' => 
  array (
    'merge_rule_regex' => false,
  ),
  'var' => 
  array (
  ),
)
[ info ] [ HEADER ] array (
  'cookie' => 'PHPSESSID=905721j5pr9fktlkf6p4jjd3pf',
  'connection' => 'keep-alive',
  'content-length' => '14',
  'x-requested-with' => 'XMLHttpRequest',
  'content-type' => 'application/x-www-form-urlencoded; charset=UTF-8',
  'referer' => 'http://hippos.sharephotos.cn/cmsx.html',
  'accept-encoding' => 'gzip, deflate',
  'accept-language' => 'zh-CN,zh;q=0.8,zh-TW;q=0.7,zh-HK;q=0.5,en-US;q=0.3,en;q=0.2',
  'accept' => 'application/json, text/javascript, */*; q=0.01',
  'user-agent' => 'Mozilla/5.0 (Windows NT 10.0; WOW64; rv:64.0) Gecko/20100101 Firefox/64.0',
  'host' => 'hippos.sharephotos.cn',
)
[ info ] [ PARAM ] array (
  'nav_menu_id' => '50',
)
[ info ] [ DB ] INIT mysql
---------------------------------------------------------------
[ 2019-01-16T10:40:46+08:00 ] 121.69.98.234 GET hippos.sharephotos.cn/cms/log/index.html
[运行时间：0.033517s] [吞吐率：29.84req/s] [内存消耗：3,451.70kb] [文件加载：80]
[ info ] [ LANG ] /www/wwwroot/thinkcms/thinkphp/lang/zh-cn.php
[ info ] [ BIND ] 'index'
[ info ] [ ROUTE ] array (
  'rule' => 'cms/log/<name>',
  'route' => 'cms/log/:name',
  'option' => 
  array (
    'merge_rule_regex' => false,
  ),
  'var' => 
  array (
    'name' => 'index',
  ),
)
[ info ] [ HEADER ] array (
  'upgrade-insecure-requests' => '1',
  'cookie' => 'PHPSESSID=905721j5pr9fktlkf6p4jjd3pf',
  'connection' => 'keep-alive',
  'referer' => 'http://hippos.sharephotos.cn/cmsx.html',
  'accept-encoding' => 'gzip, deflate',
  'accept-language' => 'zh-CN,zh;q=0.8,zh-TW;q=0.7,zh-HK;q=0.5,en-US;q=0.3,en;q=0.2',
  'accept' => 'text/html,application/xhtml+xml,application/xml;q=0.9,*/*;q=0.8',
  'user-agent' => 'Mozilla/5.0 (Windows NT 10.0; WOW64; rv:64.0) Gecko/20100101 Firefox/64.0',
  'host' => 'hippos.sharephotos.cn',
  'content-type' => '',
  'content-length' => '',
)
[ info ] [ PARAM ] array (
  'name' => 'index',
)
[ info ] [ DB ] INIT mysql
[ info ] [ VIEW ] /www/wwwroot/thinkcms/application/cms/view/log/index.html [ array (
  0 => 'list',
  1 => 'record_num',
  2 => 'page_limit',
) ]
---------------------------------------------------------------
[ 2019-01-16T10:40:49+08:00 ] 121.69.98.234 POST hippos.sharephotos.cn/cms/log/ajaxopforpage.html
[运行时间：0.031707s] [吞吐率：31.54req/s] [内存消耗：3,307.79kb] [文件加载：75]
[ info ] [ LANG ] /www/wwwroot/thinkcms/thinkphp/lang/zh-cn.php
[ info ] [ BIND ] 'index'
[ info ] [ ROUTE ] array (
  'rule' => 'cms/log/<name>',
  'route' => 'cms/log/:name',
  'option' => 
  array (
    'merge_rule_regex' => false,
  ),
  'var' => 
  array (
    'name' => 'ajaxopforpage',
  ),
)
[ info ] [ HEADER ] array (
  'cookie' => 'PHPSESSID=905721j5pr9fktlkf6p4jjd3pf',
  'connection' => 'keep-alive',
  'content-length' => '39',
  'x-requested-with' => 'XMLHttpRequest',
  'content-type' => 'application/x-www-form-urlencoded; charset=UTF-8',
  'referer' => 'http://hippos.sharephotos.cn/cms/log/index.html',
  'accept-encoding' => 'gzip, deflate',
  'accept-language' => 'zh-CN,zh;q=0.8,zh-TW;q=0.7,zh-HK;q=0.5,en-US;q=0.3,en;q=0.2',
  'accept' => 'application/json, text/javascript, */*; q=0.01',
  'user-agent' => 'Mozilla/5.0 (Windows NT 10.0; WOW64; rv:64.0) Gecko/20100101 Firefox/64.0',
  'host' => 'hippos.sharephotos.cn',
)
[ info ] [ PARAM ] array (
  'record_num' => '117',
  'page_limit' => '7',
  'curr_page' => '2',
  'name' => 'ajaxopforpage',
)
[ info ] [ DB ] INIT mysql
---------------------------------------------------------------
[ 2019-01-16T10:40:49+08:00 ] 121.69.98.234 POST hippos.sharephotos.cn/cms/log/ajaxopforpage.html
[运行时间：0.043999s] [吞吐率：22.73req/s] [内存消耗：3,307.79kb] [文件加载：75]
[ info ] [ LANG ] /www/wwwroot/thinkcms/thinkphp/lang/zh-cn.php
[ info ] [ BIND ] 'index'
[ info ] [ ROUTE ] array (
  'rule' => 'cms/log/<name>',
  'route' => 'cms/log/:name',
  'option' => 
  array (
    'merge_rule_regex' => false,
  ),
  'var' => 
  array (
    'name' => 'ajaxopforpage',
  ),
)
[ info ] [ HEADER ] array (
  'cookie' => 'PHPSESSID=905721j5pr9fktlkf6p4jjd3pf',
  'connection' => 'keep-alive',
  'content-length' => '39',
  'x-requested-with' => 'XMLHttpRequest',
  'content-type' => 'application/x-www-form-urlencoded; charset=UTF-8',
  'referer' => 'http://hippos.sharephotos.cn/cms/log/index.html',
  'accept-encoding' => 'gzip, deflate',
  'accept-language' => 'zh-CN,zh;q=0.8,zh-TW;q=0.7,zh-HK;q=0.5,en-US;q=0.3,en;q=0.2',
  'accept' => 'application/json, text/javascript, */*; q=0.01',
  'user-agent' => 'Mozilla/5.0 (Windows NT 10.0; WOW64; rv:64.0) Gecko/20100101 Firefox/64.0',
  'host' => 'hippos.sharephotos.cn',
)
[ info ] [ PARAM ] array (
  'record_num' => '117',
  'page_limit' => '7',
  'curr_page' => '3',
  'name' => 'ajaxopforpage',
)
[ info ] [ DB ] INIT mysql
---------------------------------------------------------------
[ 2019-01-16T10:40:50+08:00 ] 121.69.98.234 POST hippos.sharephotos.cn/cms/log/ajaxopforpage.html
[运行时间：0.044777s] [吞吐率：22.33req/s] [内存消耗：3,308.09kb] [文件加载：75]
[ info ] [ LANG ] /www/wwwroot/thinkcms/thinkphp/lang/zh-cn.php
[ info ] [ BIND ] 'index'
[ info ] [ ROUTE ] array (
  'rule' => 'cms/log/<name>',
  'route' => 'cms/log/:name',
  'option' => 
  array (
    'merge_rule_regex' => false,
  ),
  'var' => 
  array (
    'name' => 'ajaxopforpage',
  ),
)
[ info ] [ HEADER ] array (
  'cookie' => 'PHPSESSID=905721j5pr9fktlkf6p4jjd3pf',
  'connection' => 'keep-alive',
  'content-length' => '39',
  'x-requested-with' => 'XMLHttpRequest',
  'content-type' => 'application/x-www-form-urlencoded; charset=UTF-8',
  'referer' => 'http://hippos.sharephotos.cn/cms/log/index.html',
  'accept-encoding' => 'gzip, deflate',
  'accept-language' => 'zh-CN,zh;q=0.8,zh-TW;q=0.7,zh-HK;q=0.5,en-US;q=0.3,en;q=0.2',
  'accept' => 'application/json, text/javascript, */*; q=0.01',
  'user-agent' => 'Mozilla/5.0 (Windows NT 10.0; WOW64; rv:64.0) Gecko/20100101 Firefox/64.0',
  'host' => 'hippos.sharephotos.cn',
)
[ info ] [ PARAM ] array (
  'record_num' => '117',
  'page_limit' => '7',
  'curr_page' => '4',
  'name' => 'ajaxopforpage',
)
[ info ] [ DB ] INIT mysql
---------------------------------------------------------------
[ 2019-01-16T10:40:51+08:00 ] 121.69.98.234 POST hippos.sharephotos.cn/cms/login/ajaxCheckLoginStatus.html
[运行时间：0.032298s] [吞吐率：30.96req/s] [内存消耗：3,362.35kb] [文件加载：77]
[ info ] [ LANG ] /www/wwwroot/thinkcms/thinkphp/lang/zh-cn.php
[ info ] [ BIND ] 'index'
[ info ] [ ROUTE ] array (
  'rule' => 'cms/login/ajaxCheckLoginStatus',
  'route' => 'cms/login/ajaxCheckLoginStatus',
  'option' => 
  array (
    'merge_rule_regex' => false,
  ),
  'var' => 
  array (
  ),
)
[ info ] [ HEADER ] array (
  'cookie' => 'PHPSESSID=905721j5pr9fktlkf6p4jjd3pf',
  'connection' => 'keep-alive',
  'content-length' => '13',
  'x-requested-with' => 'XMLHttpRequest',
  'content-type' => 'application/x-www-form-urlencoded; charset=UTF-8',
  'referer' => 'http://hippos.sharephotos.cn/cmsx.html',
  'accept-encoding' => 'gzip, deflate',
  'accept-language' => 'zh-CN,zh;q=0.8,zh-TW;q=0.7,zh-HK;q=0.5,en-US;q=0.3,en;q=0.2',
  'accept' => 'application/json, text/javascript, */*; q=0.01',
  'user-agent' => 'Mozilla/5.0 (Windows NT 10.0; WOW64; rv:64.0) Gecko/20100101 Firefox/64.0',
  'host' => 'hippos.sharephotos.cn',
)
[ info ] [ PARAM ] array (
  'nav_menu_id' => '4',
)
[ info ] [ DB ] INIT mysql
---------------------------------------------------------------
[ 2019-01-16T10:40:51+08:00 ] 121.69.98.234 GET hippos.sharephotos.cn/cms/todayWord/index.html
[运行时间：0.044834s] [吞吐率：22.30req/s] [内存消耗：3,723.77kb] [文件加载：89]
[ info ] [ LANG ] /www/wwwroot/thinkcms/thinkphp/lang/zh-cn.php
[ info ] [ BIND ] 'index'
[ info ] [ ROUTE ] array (
  'rule' => 'cms/todayWord/index',
  'route' => 'cms/todayWord/index',
  'option' => 
  array (
    'merge_rule_regex' => false,
  ),
  'var' => 
  array (
  ),
)
[ info ] [ HEADER ] array (
  'upgrade-insecure-requests' => '1',
  'cookie' => 'PHPSESSID=905721j5pr9fktlkf6p4jjd3pf',
  'connection' => 'keep-alive',
  'referer' => 'http://hippos.sharephotos.cn/cmsx.html',
  'accept-encoding' => 'gzip, deflate',
  'accept-language' => 'zh-CN,zh;q=0.8,zh-TW;q=0.7,zh-HK;q=0.5,en-US;q=0.3,en;q=0.2',
  'accept' => 'text/html,application/xhtml+xml,application/xml;q=0.9,*/*;q=0.8',
  'user-agent' => 'Mozilla/5.0 (Windows NT 10.0; WOW64; rv:64.0) Gecko/20100101 Firefox/64.0',
  'host' => 'hippos.sharephotos.cn',
  'content-type' => '',
  'content-length' => '',
)
[ info ] [ PARAM ] array (
)
[ info ] [ DB ] INIT mysql
[ info ] [ VIEW ] /www/wwwroot/thinkcms/application/cms/view/today_word/index.html [ array (
  0 => 'todayWords',
  1 => 'search',
  2 => 'record_num',
  3 => 'page_limit',
) ]
---------------------------------------------------------------
[ 2019-01-16T10:40:56+08:00 ] 121.69.98.234 POST hippos.sharephotos.cn/cms/login/ajaxCheckLoginStatus.html
[运行时间：0.034450s] [吞吐率：29.03req/s] [内存消耗：3,362.35kb] [文件加载：77]
[ info ] [ LANG ] /www/wwwroot/thinkcms/thinkphp/lang/zh-cn.php
[ info ] [ BIND ] 'index'
[ info ] [ ROUTE ] array (
  'rule' => 'cms/login/ajaxCheckLoginStatus',
  'route' => 'cms/login/ajaxCheckLoginStatus',
  'option' => 
  array (
    'merge_rule_regex' => false,
  ),
  'var' => 
  array (
  ),
)
[ info ] [ HEADER ] array (
  'cookie' => 'PHPSESSID=905721j5pr9fktlkf6p4jjd3pf',
  'connection' => 'keep-alive',
  'content-length' => '13',
  'x-requested-with' => 'XMLHttpRequest',
  'content-type' => 'application/x-www-form-urlencoded; charset=UTF-8',
  'referer' => 'http://hippos.sharephotos.cn/cmsx.html',
  'accept-encoding' => 'gzip, deflate',
  'accept-language' => 'zh-CN,zh;q=0.8,zh-TW;q=0.7,zh-HK;q=0.5,en-US;q=0.3,en;q=0.2',
  'accept' => 'application/json, text/javascript, */*; q=0.01',
  'user-agent' => 'Mozilla/5.0 (Windows NT 10.0; WOW64; rv:64.0) Gecko/20100101 Firefox/64.0',
  'host' => 'hippos.sharephotos.cn',
)
[ info ] [ PARAM ] array (
  'nav_menu_id' => '5',
)
[ info ] [ DB ] INIT mysql
---------------------------------------------------------------
[ 2019-01-16T10:40:56+08:00 ] 121.69.98.234 GET hippos.sharephotos.cn/cms/article/index.html
[运行时间：0.049255s] [吞吐率：20.30req/s] [内存消耗：3,738.92kb] [文件加载：89]
[ info ] [ LANG ] /www/wwwroot/thinkcms/thinkphp/lang/zh-cn.php
[ info ] [ BIND ] 'index'
[ info ] [ ROUTE ] array (
  'rule' => 'cms/article/index',
  'route' => 'cms/article/index',
  'option' => 
  array (
    'merge_rule_regex' => false,
  ),
  'var' => 
  array (
  ),
)
[ info ] [ HEADER ] array (
  'upgrade-insecure-requests' => '1',
  'cookie' => 'PHPSESSID=905721j5pr9fktlkf6p4jjd3pf',
  'connection' => 'keep-alive',
  'referer' => 'http://hippos.sharephotos.cn/cmsx.html',
  'accept-encoding' => 'gzip, deflate',
  'accept-language' => 'zh-CN,zh;q=0.8,zh-TW;q=0.7,zh-HK;q=0.5,en-US;q=0.3,en;q=0.2',
  'accept' => 'text/html,application/xhtml+xml,application/xml;q=0.9,*/*;q=0.8',
  'user-agent' => 'Mozilla/5.0 (Windows NT 10.0; WOW64; rv:64.0) Gecko/20100101 Firefox/64.0',
  'host' => 'hippos.sharephotos.cn',
  'content-type' => '',
  'content-length' => '',
)
[ info ] [ PARAM ] array (
)
[ info ] [ DB ] INIT mysql
[ info ] [ VIEW ] /www/wwwroot/thinkcms/application/cms/view/article/index.html [ array (
  0 => 'articles',
  1 => 'search',
  2 => 'record_num',
  3 => 'page_limit',
) ]
---------------------------------------------------------------
[ 2019-01-16T10:41:00+08:00 ] 121.69.98.234 POST hippos.sharephotos.cn/cms/login/ajaxCheckLoginStatus.html
[运行时间：0.032452s] [吞吐率：30.81req/s] [内存消耗：3,362.35kb] [文件加载：77]
[ info ] [ LANG ] /www/wwwroot/thinkcms/thinkphp/lang/zh-cn.php
[ info ] [ BIND ] 'index'
[ info ] [ ROUTE ] array (
  'rule' => 'cms/login/ajaxCheckLoginStatus',
  'route' => 'cms/login/ajaxCheckLoginStatus',
  'option' => 
  array (
    'merge_rule_regex' => false,
  ),
  'var' => 
  array (
  ),
)
[ info ] [ HEADER ] array (
  'cookie' => 'PHPSESSID=905721j5pr9fktlkf6p4jjd3pf',
  'connection' => 'keep-alive',
  'content-length' => '14',
  'x-requested-with' => 'XMLHttpRequest',
  'content-type' => 'application/x-www-form-urlencoded; charset=UTF-8',
  'referer' => 'http://hippos.sharephotos.cn/cmsx.html',
  'accept-encoding' => 'gzip, deflate',
  'accept-language' => 'zh-CN,zh;q=0.8,zh-TW;q=0.7,zh-HK;q=0.5,en-US;q=0.3,en;q=0.2',
  'accept' => 'application/json, text/javascript, */*; q=0.01',
  'user-agent' => 'Mozilla/5.0 (Windows NT 10.0; WOW64; rv:64.0) Gecko/20100101 Firefox/64.0',
  'host' => 'hippos.sharephotos.cn',
)
[ info ] [ PARAM ] array (
  'nav_menu_id' => '52',
)
[ info ] [ DB ] INIT mysql
---------------------------------------------------------------
[ 2019-01-16T10:41:00+08:00 ] 121.69.98.234 GET hippos.sharephotos.cn/cms/plug/index.html
[运行时间：0.039666s] [吞吐率：25.21req/s] [内存消耗：4,196.45kb] [文件加载：85]
[ info ] [ LANG ] /www/wwwroot/thinkcms/thinkphp/lang/zh-cn.php
[ info ] [ BIND ] 'index'
[ info ] [ ROUTE ] array (
  'rule' => 'cms/plug/<name>',
  'route' => 'cms/plug/:name',
  'option' => 
  array (
    'merge_rule_regex' => false,
  ),
  'var' => 
  array (
    'name' => 'index',
  ),
)
[ info ] [ HEADER ] array (
  'upgrade-insecure-requests' => '1',
  'cookie' => 'PHPSESSID=905721j5pr9fktlkf6p4jjd3pf',
  'connection' => 'keep-alive',
  'referer' => 'http://hippos.sharephotos.cn/cmsx.html',
  'accept-encoding' => 'gzip, deflate',
  'accept-language' => 'zh-CN,zh;q=0.8,zh-TW;q=0.7,zh-HK;q=0.5,en-US;q=0.3,en;q=0.2',
  'accept' => 'text/html,application/xhtml+xml,application/xml;q=0.9,*/*;q=0.8',
  'user-agent' => 'Mozilla/5.0 (Windows NT 10.0; WOW64; rv:64.0) Gecko/20100101 Firefox/64.0',
  'host' => 'hippos.sharephotos.cn',
  'content-type' => '',
  'content-length' => '',
)
[ info ] [ PARAM ] array (
  'name' => 'index',
)
[ info ] [ DB ] INIT mysql
[ info ] [ VIEW ] /www/wwwroot/thinkcms/application/cms/view/plug/index.html [ array (
  0 => 'list',
  1 => 'record_num',
  2 => 'page_limit',
) ]
---------------------------------------------------------------
[ 2019-01-16T10:41:02+08:00 ] 121.69.98.234 GET hippos.sharephotos.cn/cmsx.html
[运行时间：0.037566s] [吞吐率：26.62req/s] [内存消耗：3,596.27kb] [文件加载：84]
[ info ] [ LANG ] /www/wwwroot/thinkcms/thinkphp/lang/zh-cn.php
[ info ] [ BIND ] 'index'
[ info ] [ ROUTE ] array (
  'rule' => 'cmsx',
  'route' => 'cms/index/index',
  'option' => 
  array (
    'merge_rule_regex' => false,
  ),
  'var' => 
  array (
  ),
)
[ info ] [ HEADER ] array (
  'cache-control' => 'max-age=0',
  'upgrade-insecure-requests' => '1',
  'cookie' => 'PHPSESSID=905721j5pr9fktlkf6p4jjd3pf',
  'connection' => 'keep-alive',
  'referer' => 'http://hippos.sharephotos.cn/cms/login/index.html',
  'accept-encoding' => 'gzip, deflate',
  'accept-language' => 'zh-CN,zh;q=0.8,zh-TW;q=0.7,zh-HK;q=0.5,en-US;q=0.3,en;q=0.2',
  'accept' => 'text/html,application/xhtml+xml,application/xml;q=0.9,*/*;q=0.8',
  'user-agent' => 'Mozilla/5.0 (Windows NT 10.0; WOW64; rv:64.0) Gecko/20100101 Firefox/64.0',
  'host' => 'hippos.sharephotos.cn',
  'content-type' => '',
  'content-length' => '',
)
[ info ] [ PARAM ] array (
)
[ info ] [ DB ] INIT mysql
[ info ] [ VIEW ] /www/wwwroot/thinkcms/application/cms/view/index/index.html [ array (
  0 => 'menus',
  1 => 'admin',
) ]
---------------------------------------------------------------
[ 2019-01-16T10:41:02+08:00 ] 121.69.98.234 GET hippos.sharephotos.cn/cms/home.html
[运行时间：0.024719s] [吞吐率：40.45req/s] [内存消耗：2,498.35kb] [文件加载：75]
[ info ] [ LANG ] /www/wwwroot/thinkcms/thinkphp/lang/zh-cn.php
[ info ] [ BIND ] 'index'
[ info ] [ ROUTE ] array (
  'rule' => 'cms/home',
  'route' => 'cms/index/home',
  'option' => 
  array (
    'merge_rule_regex' => false,
  ),
  'var' => 
  array (
  ),
)
[ info ] [ HEADER ] array (
  'upgrade-insecure-requests' => '1',
  'cookie' => 'PHPSESSID=905721j5pr9fktlkf6p4jjd3pf',
  'connection' => 'keep-alive',
  'referer' => 'http://hippos.sharephotos.cn/cmsx.html',
  'accept-encoding' => 'gzip, deflate',
  'accept-language' => 'zh-CN,zh;q=0.8,zh-TW;q=0.7,zh-HK;q=0.5,en-US;q=0.3,en;q=0.2',
  'accept' => 'text/html,application/xhtml+xml,application/xml;q=0.9,*/*;q=0.8',
  'user-agent' => 'Mozilla/5.0 (Windows NT 10.0; WOW64; rv:64.0) Gecko/20100101 Firefox/64.0',
  'host' => 'hippos.sharephotos.cn',
  'content-type' => '',
  'content-length' => '',
)
[ info ] [ PARAM ] array (
)
[ info ] [ VIEW ] /www/wwwroot/thinkcms/application/cms/view/index/home.html [ array (
) ]
---------------------------------------------------------------
[ 2019-01-16T10:41:05+08:00 ] 121.69.98.234 POST hippos.sharephotos.cn/cms/login/ajaxCheckLoginStatus.html
[运行时间：0.032417s] [吞吐率：30.85req/s] [内存消耗：3,362.35kb] [文件加载：77]
[ info ] [ LANG ] /www/wwwroot/thinkcms/thinkphp/lang/zh-cn.php
[ info ] [ BIND ] 'index'
[ info ] [ ROUTE ] array (
  'rule' => 'cms/login/ajaxCheckLoginStatus',
  'route' => 'cms/login/ajaxCheckLoginStatus',
  'option' => 
  array (
    'merge_rule_regex' => false,
  ),
  'var' => 
  array (
  ),
)
[ info ] [ HEADER ] array (
  'cookie' => 'PHPSESSID=905721j5pr9fktlkf6p4jjd3pf',
  'connection' => 'keep-alive',
  'content-length' => '14',
  'x-requested-with' => 'XMLHttpRequest',
  'content-type' => 'application/x-www-form-urlencoded; charset=UTF-8',
  'referer' => 'http://hippos.sharephotos.cn/cmsx.html',
  'accept-encoding' => 'gzip, deflate',
  'accept-language' => 'zh-CN,zh;q=0.8,zh-TW;q=0.7,zh-HK;q=0.5,en-US;q=0.3,en;q=0.2',
  'accept' => 'application/json, text/javascript, */*; q=0.01',
  'user-agent' => 'Mozilla/5.0 (Windows NT 10.0; WOW64; rv:64.0) Gecko/20100101 Firefox/64.0',
  'host' => 'hippos.sharephotos.cn',
)
[ info ] [ PARAM ] array (
  'nav_menu_id' => '52',
)
[ info ] [ DB ] INIT mysql
---------------------------------------------------------------
[ 2019-01-16T10:41:05+08:00 ] 121.69.98.234 GET hippos.sharephotos.cn/cms/plug/index.html
[运行时间：0.038276s] [吞吐率：26.13req/s] [内存消耗：4,038.34kb] [文件加载：83]
[ info ] [ LANG ] /www/wwwroot/thinkcms/thinkphp/lang/zh-cn.php
[ info ] [ BIND ] 'index'
[ info ] [ ROUTE ] array (
  'rule' => 'cms/plug/<name>',
  'route' => 'cms/plug/:name',
  'option' => 
  array (
    'merge_rule_regex' => false,
  ),
  'var' => 
  array (
    'name' => 'index',
  ),
)
[ info ] [ HEADER ] array (
  'upgrade-insecure-requests' => '1',
  'cookie' => 'PHPSESSID=905721j5pr9fktlkf6p4jjd3pf',
  'connection' => 'keep-alive',
  'referer' => 'http://hippos.sharephotos.cn/cmsx.html',
  'accept-encoding' => 'gzip, deflate',
  'accept-language' => 'zh-CN,zh;q=0.8,zh-TW;q=0.7,zh-HK;q=0.5,en-US;q=0.3,en;q=0.2',
  'accept' => 'text/html,application/xhtml+xml,application/xml;q=0.9,*/*;q=0.8',
  'user-agent' => 'Mozilla/5.0 (Windows NT 10.0; WOW64; rv:64.0) Gecko/20100101 Firefox/64.0',
  'host' => 'hippos.sharephotos.cn',
  'content-type' => '',
  'content-length' => '',
)
[ info ] [ PARAM ] array (
  'name' => 'index',
)
[ info ] [ DB ] INIT mysql
[ info ] [ VIEW ] /www/wwwroot/thinkcms/application/cms/view/plug/index.html [ array (
  0 => 'list',
  1 => 'record_num',
  2 => 'page_limit',
) ]
---------------------------------------------------------------
[ 2019-01-16T10:41:07+08:00 ] 121.69.98.234 POST hippos.sharephotos.cn/cms/login/ajaxCheckLoginStatus.html
[运行时间：0.032950s] [吞吐率：30.35req/s] [内存消耗：3,362.35kb] [文件加载：77]
[ info ] [ LANG ] /www/wwwroot/thinkcms/thinkphp/lang/zh-cn.php
[ info ] [ BIND ] 'index'
[ info ] [ ROUTE ] array (
  'rule' => 'cms/login/ajaxCheckLoginStatus',
  'route' => 'cms/login/ajaxCheckLoginStatus',
  'option' => 
  array (
    'merge_rule_regex' => false,
  ),
  'var' => 
  array (
  ),
)
[ info ] [ HEADER ] array (
  'cookie' => 'PHPSESSID=905721j5pr9fktlkf6p4jjd3pf',
  'connection' => 'keep-alive',
  'content-length' => '14',
  'x-requested-with' => 'XMLHttpRequest',
  'content-type' => 'application/x-www-form-urlencoded; charset=UTF-8',
  'referer' => 'http://hippos.sharephotos.cn/cmsx.html',
  'accept-encoding' => 'gzip, deflate',
  'accept-language' => 'zh-CN,zh;q=0.8,zh-TW;q=0.7,zh-HK;q=0.5,en-US;q=0.3,en;q=0.2',
  'accept' => 'application/json, text/javascript, */*; q=0.01',
  'user-agent' => 'Mozilla/5.0 (Windows NT 10.0; WOW64; rv:64.0) Gecko/20100101 Firefox/64.0',
  'host' => 'hippos.sharephotos.cn',
)
[ info ] [ PARAM ] array (
  'nav_menu_id' => '53',
)
[ info ] [ DB ] INIT mysql
---------------------------------------------------------------
[ 2019-01-16T10:41:07+08:00 ] 121.69.98.234 GET hippos.sharephotos.cn/cms/plug/pluged.html
[运行时间：0.026240s] [吞吐率：38.11req/s] [内存消耗：2,867.18kb] [文件加载：72]
[ info ] [ LANG ] /www/wwwroot/thinkcms/thinkphp/lang/zh-cn.php
[ info ] [ BIND ] 'index'
[ info ] [ ROUTE ] array (
  'rule' => 'cms/plug/<name>',
  'route' => 'cms/plug/:name',
  'option' => 
  array (
    'merge_rule_regex' => false,
  ),
  'var' => 
  array (
    'name' => 'pluged',
  ),
)
[ info ] [ HEADER ] array (
  'upgrade-insecure-requests' => '1',
  'cookie' => 'PHPSESSID=905721j5pr9fktlkf6p4jjd3pf',
  'connection' => 'keep-alive',
  'referer' => 'http://hippos.sharephotos.cn/cmsx.html',
  'accept-encoding' => 'gzip, deflate',
  'accept-language' => 'zh-CN,zh;q=0.8,zh-TW;q=0.7,zh-HK;q=0.5,en-US;q=0.3,en;q=0.2',
  'accept' => 'text/html,application/xhtml+xml,application/xml;q=0.9,*/*;q=0.8',
  'user-agent' => 'Mozilla/5.0 (Windows NT 10.0; WOW64; rv:64.0) Gecko/20100101 Firefox/64.0',
  'host' => 'hippos.sharephotos.cn',
  'content-type' => '',
  'content-length' => '',
)
[ info ] [ PARAM ] array (
  'name' => 'pluged',
)
---------------------------------------------------------------
[ 2019-01-16T10:41:11+08:00 ] 121.69.98.234 POST hippos.sharephotos.cn/cms/login/ajaxCheckLoginStatus.html
[运行时间：0.034706s] [吞吐率：28.81req/s] [内存消耗：3,362.35kb] [文件加载：77]
[ info ] [ LANG ] /www/wwwroot/thinkcms/thinkphp/lang/zh-cn.php
[ info ] [ BIND ] 'index'
[ info ] [ ROUTE ] array (
  'rule' => 'cms/login/ajaxCheckLoginStatus',
  'route' => 'cms/login/ajaxCheckLoginStatus',
  'option' => 
  array (
    'merge_rule_regex' => false,
  ),
  'var' => 
  array (
  ),
)
[ info ] [ HEADER ] array (
  'cookie' => 'PHPSESSID=905721j5pr9fktlkf6p4jjd3pf',
  'connection' => 'keep-alive',
  'content-length' => '14',
  'x-requested-with' => 'XMLHttpRequest',
  'content-type' => 'application/x-www-form-urlencoded; charset=UTF-8',
  'referer' => 'http://hippos.sharephotos.cn/cmsx.html',
  'accept-encoding' => 'gzip, deflate',
  'accept-language' => 'zh-CN,zh;q=0.8,zh-TW;q=0.7,zh-HK;q=0.5,en-US;q=0.3,en;q=0.2',
  'accept' => 'application/json, text/javascript, */*; q=0.01',
  'user-agent' => 'Mozilla/5.0 (Windows NT 10.0; WOW64; rv:64.0) Gecko/20100101 Firefox/64.0',
  'host' => 'hippos.sharephotos.cn',
)
[ info ] [ PARAM ] array (
  'nav_menu_id' => '53',
)
[ info ] [ DB ] INIT mysql
---------------------------------------------------------------
[ 2019-01-16T10:41:11+08:00 ] 121.69.98.234 GET hippos.sharephotos.cn/cms/plug/pluged.html
[运行时间：0.027679s] [吞吐率：36.13req/s] [内存消耗：2,867.18kb] [文件加载：72]
[ info ] [ LANG ] /www/wwwroot/thinkcms/thinkphp/lang/zh-cn.php
[ info ] [ BIND ] 'index'
[ info ] [ ROUTE ] array (
  'rule' => 'cms/plug/<name>',
  'route' => 'cms/plug/:name',
  'option' => 
  array (
    'merge_rule_regex' => false,
  ),
  'var' => 
  array (
    'name' => 'pluged',
  ),
)
[ info ] [ HEADER ] array (
  'upgrade-insecure-requests' => '1',
  'cookie' => 'PHPSESSID=905721j5pr9fktlkf6p4jjd3pf',
  'connection' => 'keep-alive',
  'referer' => 'http://hippos.sharephotos.cn/cmsx.html',
  'accept-encoding' => 'gzip, deflate',
  'accept-language' => 'zh-CN,zh;q=0.8,zh-TW;q=0.7,zh-HK;q=0.5,en-US;q=0.3,en;q=0.2',
  'accept' => 'text/html,application/xhtml+xml,application/xml;q=0.9,*/*;q=0.8',
  'user-agent' => 'Mozilla/5.0 (Windows NT 10.0; WOW64; rv:64.0) Gecko/20100101 Firefox/64.0',
  'host' => 'hippos.sharephotos.cn',
  'content-type' => '',
  'content-length' => '',
)
[ info ] [ PARAM ] array (
  'name' => 'pluged',
)
---------------------------------------------------------------
[ 2019-01-16T10:41:12+08:00 ] 121.69.98.234 POST hippos.sharephotos.cn/cms/login/ajaxCheckLoginStatus.html
[运行时间：0.034394s] [吞吐率：29.07req/s] [内存消耗：3,362.35kb] [文件加载：77]
[ info ] [ LANG ] /www/wwwroot/thinkcms/thinkphp/lang/zh-cn.php
[ info ] [ BIND ] 'index'
[ info ] [ ROUTE ] array (
  'rule' => 'cms/login/ajaxCheckLoginStatus',
  'route' => 'cms/login/ajaxCheckLoginStatus',
  'option' => 
  array (
    'merge_rule_regex' => false,
  ),
  'var' => 
  array (
  ),
)
[ info ] [ HEADER ] array (
  'cookie' => 'PHPSESSID=905721j5pr9fktlkf6p4jjd3pf',
  'connection' => 'keep-alive',
  'content-length' => '14',
  'x-requested-with' => 'XMLHttpRequest',
  'content-type' => 'application/x-www-form-urlencoded; charset=UTF-8',
  'referer' => 'http://hippos.sharephotos.cn/cmsx.html',
  'accept-encoding' => 'gzip, deflate',
  'accept-language' => 'zh-CN,zh;q=0.8,zh-TW;q=0.7,zh-HK;q=0.5,en-US;q=0.3,en;q=0.2',
  'accept' => 'application/json, text/javascript, */*; q=0.01',
  'user-agent' => 'Mozilla/5.0 (Windows NT 10.0; WOW64; rv:64.0) Gecko/20100101 Firefox/64.0',
  'host' => 'hippos.sharephotos.cn',
)
[ info ] [ PARAM ] array (
  'nav_menu_id' => '54',
)
[ info ] [ DB ] INIT mysql
---------------------------------------------------------------
[ 2019-01-16T10:41:12+08:00 ] 121.69.98.234 GET hippos.sharephotos.cn/cms/email/index.html
[运行时间：0.045168s] [吞吐率：22.14req/s] [内存消耗：4,369.52kb] [文件加载：87]
[ info ] [ LANG ] /www/wwwroot/thinkcms/thinkphp/lang/zh-cn.php
[ info ] [ BIND ] 'index'
[ info ] [ ROUTE ] array (
  'rule' => 'cms/email/<name>',
  'route' => 'cms/email/:name',
  'option' => 
  array (
    'merge_rule_regex' => false,
  ),
  'var' => 
  array (
    'name' => 'index',
  ),
)
[ info ] [ HEADER ] array (
  'upgrade-insecure-requests' => '1',
  'cookie' => 'PHPSESSID=905721j5pr9fktlkf6p4jjd3pf',
  'connection' => 'keep-alive',
  'referer' => 'http://hippos.sharephotos.cn/cmsx.html',
  'accept-encoding' => 'gzip, deflate',
  'accept-language' => 'zh-CN,zh;q=0.8,zh-TW;q=0.7,zh-HK;q=0.5,en-US;q=0.3,en;q=0.2',
  'accept' => 'text/html,application/xhtml+xml,application/xml;q=0.9,*/*;q=0.8',
  'user-agent' => 'Mozilla/5.0 (Windows NT 10.0; WOW64; rv:64.0) Gecko/20100101 Firefox/64.0',
  'host' => 'hippos.sharephotos.cn',
  'content-type' => '',
  'content-length' => '',
)
[ info ] [ PARAM ] array (
  'name' => 'index',
)
[ info ] [ DB ] INIT mysql
[ info ] [ VIEW ] /www/wwwroot/thinkcms/application/cms/view/email/index.html [ array (
  0 => 'list',
  1 => 'record_num',
  2 => 'page_limit',
) ]
---------------------------------------------------------------
[ 2019-01-16T10:41:19+08:00 ] 121.69.98.234 GET hippos.sharephotos.cn/cms/email/edit/id/12.html
[运行时间：0.045318s] [吞吐率：22.07req/s] [内存消耗：4,372.84kb] [文件加载：89]
[ info ] [ LANG ] /www/wwwroot/thinkcms/thinkphp/lang/zh-cn.php
[ info ] [ BIND ] 'index'
[ info ] [ ROUTE ] array (
  'rule' => 'cms/email/<name>',
  'route' => 'cms/email/:name',
  'option' => 
  array (
    'merge_rule_regex' => false,
  ),
  'var' => 
  array (
    'name' => 'edit',
    'id' => '12',
  ),
)
[ info ] [ HEADER ] array (
  'upgrade-insecure-requests' => '1',
  'cookie' => 'PHPSESSID=905721j5pr9fktlkf6p4jjd3pf',
  'connection' => 'keep-alive',
  'referer' => 'http://hippos.sharephotos.cn/cms/email/index.html',
  'accept-encoding' => 'gzip, deflate',
  'accept-language' => 'zh-CN,zh;q=0.8,zh-TW;q=0.7,zh-HK;q=0.5,en-US;q=0.3,en;q=0.2',
  'accept' => 'text/html,application/xhtml+xml,application/xml;q=0.9,*/*;q=0.8',
  'user-agent' => 'Mozilla/5.0 (Windows NT 10.0; WOW64; rv:64.0) Gecko/20100101 Firefox/64.0',
  'host' => 'hippos.sharephotos.cn',
  'content-type' => '',
  'content-length' => '',
)
[ info ] [ PARAM ] array (
  'name' => 'edit',
  'id' => '12',
)
[ info ] [ DB ] INIT mysql
[ info ] [ VIEW ] /www/wwwroot/thinkcms/application/cms/view/email/edit.html [ array (
  0 => 'emailinfo',
) ]
---------------------------------------------------------------
[ 2019-01-16T10:41:57+08:00 ] 121.69.98.234 POST hippos.sharephotos.cn/api/upload/img_file
[运行时间：0.087862s] [吞吐率：11.38req/s] [内存消耗：2,143.25kb] [文件加载：65]
[ info ] [ LANG ] /www/wwwroot/thinkcms/thinkphp/lang/zh-cn.php
[ info ] [ BIND ] 'index'
[ info ] [ ROUTE ] array (
  'rule' => 'api/upload/img_file',
  'route' => 'api/upload/img_file',
  'option' => 
  array (
    'merge_rule_regex' => false,
  ),
  'var' => 
  array (
  ),
)
[ info ] [ HEADER ] array (
  'cookie' => 'PHPSESSID=905721j5pr9fktlkf6p4jjd3pf',
  'connection' => 'keep-alive',
  'content-length' => '10011',
  'content-type' => 'multipart/form-data; boundary=---------------------------153731285821077',
  'x-requested-with' => 'XMLHttpRequest',
  'referer' => 'http://hippos.sharephotos.cn/cms/email/edit/id/12.html',
  'accept-encoding' => 'gzip, deflate',
  'accept-language' => 'zh-CN,zh;q=0.8,zh-TW;q=0.7,zh-HK;q=0.5,en-US;q=0.3,en;q=0.2',
  'accept' => 'application/json, text/javascript, */*; q=0.01',
  'user-agent' => 'Mozilla/5.0 (Windows NT 10.0; WOW64; rv:64.0) Gecko/20100101 Firefox/64.0',
  'host' => 'hippos.sharephotos.cn',
)
[ info ] [ PARAM ] array (
  '_token' => 'undefined',
)
---------------------------------------------------------------
[ 2019-01-16T10:42:02+08:00 ] 121.69.98.234 POST hippos.sharephotos.cn/api/upload/img_file
[运行时间：0.021805s] [吞吐率：45.86req/s] [内存消耗：2,143.25kb] [文件加载：65]
[ info ] [ LANG ] /www/wwwroot/thinkcms/thinkphp/lang/zh-cn.php
[ info ] [ BIND ] 'index'
[ info ] [ ROUTE ] array (
  'rule' => 'api/upload/img_file',
  'route' => 'api/upload/img_file',
  'option' => 
  array (
    'merge_rule_regex' => false,
  ),
  'var' => 
  array (
  ),
)
[ info ] [ HEADER ] array (
  'cookie' => 'PHPSESSID=905721j5pr9fktlkf6p4jjd3pf',
  'connection' => 'keep-alive',
  'content-length' => '10011',
  'content-type' => 'multipart/form-data; boundary=---------------------------245281969426647',
  'x-requested-with' => 'XMLHttpRequest',
  'referer' => 'http://hippos.sharephotos.cn/cms/email/edit/id/12.html',
  'accept-encoding' => 'gzip, deflate',
  'accept-language' => 'zh-CN,zh;q=0.8,zh-TW;q=0.7,zh-HK;q=0.5,en-US;q=0.3,en;q=0.2',
  'accept' => 'application/json, text/javascript, */*; q=0.01',
  'user-agent' => 'Mozilla/5.0 (Windows NT 10.0; WOW64; rv:64.0) Gecko/20100101 Firefox/64.0',
  'host' => 'hippos.sharephotos.cn',
)
[ info ] [ PARAM ] array (
  '_token' => 'undefined',
)
---------------------------------------------------------------
[ 2019-01-16T10:42:15+08:00 ] 121.69.98.234 POST hippos.sharephotos.cn/api/upload/img_file
[运行时间：0.021227s] [吞吐率：47.11req/s] [内存消耗：2,143.25kb] [文件加载：65]
[ info ] [ LANG ] /www/wwwroot/thinkcms/thinkphp/lang/zh-cn.php
[ info ] [ BIND ] 'index'
[ info ] [ ROUTE ] array (
  'rule' => 'api/upload/img_file',
  'route' => 'api/upload/img_file',
  'option' => 
  array (
    'merge_rule_regex' => false,
  ),
  'var' => 
  array (
  ),
)
[ info ] [ HEADER ] array (
  'cookie' => 'PHPSESSID=905721j5pr9fktlkf6p4jjd3pf',
  'connection' => 'keep-alive',
  'content-length' => '6856',
  'content-type' => 'multipart/form-data; boundary=---------------------------17793238694108',
  'x-requested-with' => 'XMLHttpRequest',
  'referer' => 'http://hippos.sharephotos.cn/cms/email/edit/id/12.html',
  'accept-encoding' => 'gzip, deflate',
  'accept-language' => 'zh-CN,zh;q=0.8,zh-TW;q=0.7,zh-HK;q=0.5,en-US;q=0.3,en;q=0.2',
  'accept' => 'application/json, text/javascript, */*; q=0.01',
  'user-agent' => 'Mozilla/5.0 (Windows NT 10.0; WOW64; rv:64.0) Gecko/20100101 Firefox/64.0',
  'host' => 'hippos.sharephotos.cn',
)
[ info ] [ PARAM ] array (
  '_token' => 'undefined',
)
---------------------------------------------------------------
[ 2019-01-16T10:42:42+08:00 ] 121.69.98.234 POST hippos.sharephotos.cn/api/upload/img_file
[运行时间：0.083950s] [吞吐率：11.91req/s] [内存消耗：2,007.62kb] [文件加载：59]
[ info ] [ LANG ] /www/wwwroot/thinkcms/thinkphp/lang/zh-cn.php
[ info ] [ BIND ] 'index'
[ info ] [ ROUTE ] array (
  'rule' => 'api/upload/img_file',
  'route' => 'api/upload/img_file',
  'option' => 
  array (
    'merge_rule_regex' => false,
  ),
  'var' => 
  array (
  ),
)
[ info ] [ HEADER ] array (
  'cookie' => 'PHPSESSID=905721j5pr9fktlkf6p4jjd3pf',
  'connection' => 'keep-alive',
  'content-length' => '10008',
  'content-type' => 'multipart/form-data; boundary=---------------------------11208551521767',
  'x-requested-with' => 'XMLHttpRequest',
  'referer' => 'http://hippos.sharephotos.cn/cms/email/edit/id/12.html',
  'accept-encoding' => 'gzip, deflate',
  'accept-language' => 'zh-CN,zh;q=0.8,zh-TW;q=0.7,zh-HK;q=0.5,en-US;q=0.3,en;q=0.2',
  'accept' => 'application/json, text/javascript, */*; q=0.01',
  'user-agent' => 'Mozilla/5.0 (Windows NT 10.0; WOW64; rv:64.0) Gecko/20100101 Firefox/64.0',
  'host' => 'hippos.sharephotos.cn',
)
[ info ] [ PARAM ] array (
  '_token' => 'undefined',
)
---------------------------------------------------------------
[ 2019-01-16T10:42:42+08:00 ] 121.69.98.234 POST hippos.sharephotos.cn/cms/email/edit.html
[运行时间：0.038194s] [吞吐率：26.18req/s] [内存消耗：3,966.05kb] [文件加载：79]
[ info ] [ LANG ] /www/wwwroot/thinkcms/thinkphp/lang/zh-cn.php
[ info ] [ BIND ] 'index'
[ info ] [ ROUTE ] array (
  'rule' => 'cms/email/<name>',
  'route' => 'cms/email/:name',
  'option' => 
  array (
    'merge_rule_regex' => false,
  ),
  'var' => 
  array (
    'name' => 'edit',
  ),
)
[ info ] [ HEADER ] array (
  'cookie' => 'PHPSESSID=905721j5pr9fktlkf6p4jjd3pf',
  'connection' => 'keep-alive',
  'content-length' => '345',
  'x-requested-with' => 'XMLHttpRequest',
  'content-type' => 'application/x-www-form-urlencoded; charset=UTF-8',
  'referer' => 'http://hippos.sharephotos.cn/cms/email/edit/id/12.html',
  'accept-encoding' => 'gzip, deflate',
  'accept-language' => 'zh-CN,zh;q=0.8,zh-TW;q=0.7,zh-HK;q=0.5,en-US;q=0.3,en;q=0.2',
  'accept' => 'application/json, text/javascript, */*; q=0.01',
  'user-agent' => 'Mozilla/5.0 (Windows NT 10.0; WOW64; rv:64.0) Gecko/20100101 Firefox/64.0',
  'host' => 'hippos.sharephotos.cn',
)
[ info ] [ PARAM ] array (
  'send_emails' => '2441561897@qq.com',
  'title' => '测试邮件',
  'id' => '12',
  'old_attachment' => '/upload/20181228\\70530732e33bf84e520beb54528dc59b.rar',
  'attachment' => '/upload/20190116/10fa37579716d903de476fdeab4c7b72.png',
  'attachment_name' => 'jiaoben789.rar',
  '__token__' => '58d8b1c37baf96f28798df1ff418da5b',
  'content' => '测试邮件',
  'name' => 'edit',
)
[ info ] [ DB ] INIT mysql
---------------------------------------------------------------
[ 2019-01-16T10:42:44+08:00 ] 121.69.98.234 GET hippos.sharephotos.cn/cms/email/index.html
[运行时间：0.041655s] [吞吐率：24.01req/s] [内存消耗：4,134.61kb] [文件加载：85]
[ info ] [ LANG ] /www/wwwroot/thinkcms/thinkphp/lang/zh-cn.php
[ info ] [ BIND ] 'index'
[ info ] [ ROUTE ] array (
  'rule' => 'cms/email/<name>',
  'route' => 'cms/email/:name',
  'option' => 
  array (
    'merge_rule_regex' => false,
  ),
  'var' => 
  array (
    'name' => 'index',
  ),
)
[ info ] [ HEADER ] array (
  'cache-control' => 'max-age=0',
  'upgrade-insecure-requests' => '1',
  'cookie' => 'PHPSESSID=905721j5pr9fktlkf6p4jjd3pf',
  'connection' => 'keep-alive',
  'referer' => 'http://hippos.sharephotos.cn/cmsx.html',
  'accept-encoding' => 'gzip, deflate',
  'accept-language' => 'zh-CN,zh;q=0.8,zh-TW;q=0.7,zh-HK;q=0.5,en-US;q=0.3,en;q=0.2',
  'accept' => 'text/html,application/xhtml+xml,application/xml;q=0.9,*/*;q=0.8',
  'user-agent' => 'Mozilla/5.0 (Windows NT 10.0; WOW64; rv:64.0) Gecko/20100101 Firefox/64.0',
  'host' => 'hippos.sharephotos.cn',
  'content-type' => '',
  'content-length' => '',
)
[ info ] [ PARAM ] array (
  'name' => 'index',
)
[ info ] [ DB ] INIT mysql
[ info ] [ VIEW ] /www/wwwroot/thinkcms/application/cms/view/email/index.html [ array (
  0 => 'list',
  1 => 'record_num',
  2 => 'page_limit',
) ]
---------------------------------------------------------------
[ 2019-01-16T10:42:48+08:00 ] 121.69.98.234 GET hippos.sharephotos.cn/cms/email/send/id/12.html
[运行时间：0.040565s] [吞吐率：24.65req/s] [内存消耗：4,353.15kb] [文件加载：87]
[ info ] [ LANG ] /www/wwwroot/thinkcms/thinkphp/lang/zh-cn.php
[ info ] [ BIND ] 'index'
[ info ] [ ROUTE ] array (
  'rule' => 'cms/email/<name>',
  'route' => 'cms/email/:name',
  'option' => 
  array (
    'merge_rule_regex' => false,
  ),
  'var' => 
  array (
    'name' => 'send',
    'id' => '12',
  ),
)
[ info ] [ HEADER ] array (
  'upgrade-insecure-requests' => '1',
  'cookie' => 'PHPSESSID=905721j5pr9fktlkf6p4jjd3pf',
  'connection' => 'keep-alive',
  'referer' => 'http://hippos.sharephotos.cn/cms/email/index.html',
  'accept-encoding' => 'gzip, deflate',
  'accept-language' => 'zh-CN,zh;q=0.8,zh-TW;q=0.7,zh-HK;q=0.5,en-US;q=0.3,en;q=0.2',
  'accept' => 'text/html,application/xhtml+xml,application/xml;q=0.9,*/*;q=0.8',
  'user-agent' => 'Mozilla/5.0 (Windows NT 10.0; WOW64; rv:64.0) Gecko/20100101 Firefox/64.0',
  'host' => 'hippos.sharephotos.cn',
  'content-type' => '',
  'content-length' => '',
)
[ info ] [ PARAM ] array (
  'name' => 'send',
  'id' => '12',
)
[ info ] [ DB ] INIT mysql
[ info ] [ VIEW ] /www/wwwroot/thinkcms/application/cms/view/email/send.html [ array (
  0 => 'emailinfo',
) ]
---------------------------------------------------------------
[ 2019-01-16T10:42:55+08:00 ] 121.69.98.234 POST hippos.sharephotos.cn/cms/email/send.html?rand%20=0.052793434119281724
[运行时间：1.494644s] [吞吐率：0.67req/s] [内存消耗：4,205.57kb] [文件加载：84]
[ info ] [ LANG ] /www/wwwroot/thinkcms/thinkphp/lang/zh-cn.php
[ info ] [ BIND ] 'index'
[ info ] [ ROUTE ] array (
  'rule' => 'cms/email/<name>',
  'route' => 'cms/email/:name',
  'option' => 
  array (
    'merge_rule_regex' => false,
  ),
  'var' => 
  array (
    'name' => 'send',
  ),
)
[ info ] [ HEADER ] array (
  'cookie' => 'PHPSESSID=905721j5pr9fktlkf6p4jjd3pf',
  'connection' => 'keep-alive',
  'content-length' => '31',
  'x-requested-with' => 'XMLHttpRequest',
  'content-type' => 'application/x-www-form-urlencoded; charset=UTF-8',
  'referer' => 'http://hippos.sharephotos.cn/cms/email/send/id/12.html',
  'accept-encoding' => 'gzip, deflate',
  'accept-language' => 'zh-CN,zh;q=0.8,zh-TW;q=0.7,zh-HK;q=0.5,en-US;q=0.3,en;q=0.2',
  'accept' => 'application/json, text/javascript, */*; q=0.01',
  'user-agent' => 'Mozilla/5.0 (Windows NT 10.0; WOW64; rv:64.0) Gecko/20100101 Firefox/64.0',
  'host' => 'hippos.sharephotos.cn',
)
[ info ] [ PARAM ] array (
  'rand_' => '0.052793434119281724',
  'id' => '12',
  'email' => '2441561897@qq.com',
  'name' => 'send',
)
[ info ] [ DB ] INIT mysql
